<?xml version="1.0" encoding="UTF-8"?>
<!-- Generated by org.testng.reporters.JUnitReportReporter -->
<testsuite hostname="DESKTOP-F52EDBA" failures="0" tests="1" name="functionalTesting.FunctionalTesting" time="15.834" errors="0" timestamp="2023-03-18T17:42:06 IST" skipped="0">
  <testcase classname="functionalTesting.FunctionalTesting" name="ordersTest" time="15.834"/>
  <system-out/>
</testsuite> <!-- functionalTesting.FunctionalTesting -->
